INFO 2025-06-01 14:14:06,986 views Order created - ID: 23, Customer: kasaza
INFO 2025-06-01 14:14:06,987 views Order Total: KES150.00
INFO 2025-06-01 14:14:06,991 views Order item: United: 3 x 50.00 = KES 150.00
INFO 2025-06-01 14:14:08,131 views SMS sent to +254755140545. Response: {'SMSMessageData': {'Message': 'Sent to 0/1 Total Cost: 0', 'Recipients': [{'cost': '0', 'messageId': 'None', 'number': '+254755140545', 'status': 'InsufficientBalance', 'statusCode': 405}]}}
INFO 2025-06-01 14:14:12,021 views Email sent to admin: kasazax@gmail.com
INFO 2025-06-01 15:40:10,933 views Starting order processing for order #36
INFO 2025-06-01 15:40:10,934 views Order Created - ID: 36
INFO 2025-06-01 15:40:10,934 views Customer: isvMAbEs0XfEd6zK-OUM-P4s8j4 (ID: 2, Email: kasazax@gmail.com)
INFO 2025-06-01 15:40:10,935 views Order Total: KES20.00
INFO 2025-06-01 15:40:10,939 views Attempting to send SMS to +254729079940
INFO 2025-06-01 15:40:11,533 views SMS sent to +254729079940. Response: {'SMSMessageData': {'Message': 'Sent to 0/1 Total Cost: 0', 'Recipients': [{'cost': '0', 'messageId': 'None', 'number': '+254729079940', 'status': 'InsufficientBalance', 'statusCode': 405}]}}
INFO 2025-06-01 15:40:11,533 views Attempting to send email to admin: kasazax@gmail.com
INFO 2025-06-01 15:40:15,441 views Email sent to admin: kasazax@gmail.com
INFO 2025-06-01 15:40:15,442 views Successfully processed order #36
INFO 2025-06-01 18:23:57,306 views Starting order processing for order #37
INFO 2025-06-01 18:23:57,307 views Order Created - ID: 37
INFO 2025-06-01 18:23:57,307 views Customer: isvMAbEs0XfEd6zK-OUM-P4s8j4 (ID: 2, Email: kasazax@gmail.com)
INFO 2025-06-01 18:23:57,308 views Order Total: KES20.00
INFO 2025-06-01 18:23:57,312 views Attempting to send SMS to +254729079940
INFO 2025-06-01 18:23:57,944 views SMS sent to +254729079940. Response: {'SMSMessageData': {'Message': 'Sent to 0/1 Total Cost: 0', 'Recipients': [{'cost': '0', 'messageId': 'None', 'number': '+254729079940', 'status': 'InsufficientBalance', 'statusCode': 405}]}}
INFO 2025-06-01 18:23:57,945 views Attempting to send email to admin: kasazax@gmail.com
INFO 2025-06-01 18:24:02,142 views Email sent to admin: kasazax@gmail.com
INFO 2025-06-01 18:24:02,143 views Successfully processed order #37
INFO 2025-06-01 18:24:21,659 views Starting order processing for order #38
INFO 2025-06-01 18:24:21,660 views Order Created - ID: 38
INFO 2025-06-01 18:24:21,660 views Customer: isvMAbEs0XfEd6zK-OUM-P4s8j4 (ID: 2, Email: kasazax@gmail.com)
INFO 2025-06-01 18:24:21,661 views Order Total: KES20.00
INFO 2025-06-01 18:24:21,669 views Attempting to send SMS to +254729079940
INFO 2025-06-01 18:24:22,412 views SMS sent to +254729079940. Response: {'SMSMessageData': {'Message': 'Sent to 0/1 Total Cost: 0', 'Recipients': [{'cost': '0', 'messageId': 'None', 'number': '+254729079940', 'status': 'InsufficientBalance', 'statusCode': 405}]}}
INFO 2025-06-01 18:24:22,414 views Attempting to send email to admin: kasazax@gmail.com
INFO 2025-06-01 18:24:25,173 views Email sent to admin: kasazax@gmail.com
INFO 2025-06-01 18:24:25,174 views Successfully processed order #38
